APP/proguard/mapping.txt
android.support.v4.graphics.drawable.DrawableCompatL -> android.support.v4.b.a.i:
    void setHotspot(android.graphics.drawable.Drawable,float,float) -> a
    void setHotspotBounds(android.graphics.drawable.Drawable,int,int,int,int) -> a
    void setTint(android.graphics.drawable.Drawable,int) -> a
    void setTintList(android.graphics.drawable.Drawable,android.content.res.ColorStateList) -> a
    void setTintMode(android.graphics.drawable.Drawable,android.graphics.PorterDuff$Mode) -> a
android.support.v4.internal.view.SupportMenu -> android.support.v4.c.a.a:
android.support.v4.internal.view.SupportMenuItem -> android.support.v4.c.a.b:
    void setShowAsAction(int) -> setShowAsAction
    android.view.MenuItem setShowAsActionFlags(int) -> setShowAsActionFlags
    android.view.MenuItem setActionView(android.view.View) -> setActionView
    android.view.MenuItem setActionView(int) -> setActionView
    android.view.View getActionView() -> getActionView
    android.support.v4.internal.view.SupportMenuItem setSupportActionProvider(android.support.v4.view.ActionProvider) -> a
    android.support.v4.view.ActionProvider getSupportActionProvider() -> a
    boolean expandActionView() -> expandActionView
    boolean collapseActionView() -> collapseActionView
    boolean isActionViewExpanded() -> isActionViewExpanded
    android.support.v4.internal.view.SupportMenuItem setSupportOnActionExpandListener(android.support.v4.view.MenuItemCompat$OnActionExpandListener) -> a
android.support.v4.internal.view.SupportSubMenu -> android.support.v4.c.a.c:
android.support.v4.media.MediaMetadataCompat -> android.support.v4.media.MediaMetadataCompat:
    android.support.v4.util.ArrayMap METADATA_KEYS_TYPE -> a
    android.os.Bundle mBundle -> b
    android.os.Parcelable$Creator CREATOR -> CREATOR
    int describeContents() -> describeContents
    void writeToParcel(android.os.Parcel,int) -> writeToParcel
android.support.v4.media.MediaMetadataCompat$1 -> android.support.v4.media.a:
    android.support.v4.media.MediaMetadataCompat createFromParcel(android.os.Parcel) -> a
    android.support.v4.media.MediaMetadataCompat[] newArray(int) -> a
    java.lang.Object[] newArray(int) -> newArray
    java.lang.Object createFromParcel(android.os.Parcel) -> createFromParcel
android.support.v4.media.RatingCompat -> android.support.v4.media.RatingCompat:
    int mRatingStyle -> a
    float mRatingValue -> b
    android.os.Parcelable$Creator CREATOR -> CREATOR
    java.lang.String toString() -> toString
    int describeContents() -> describeContents
    void writeToParcel(android.os.Parcel,int) -> writeToParcel
android.support.v4.media.RatingCompat$1 -> android.support.v4.media.b:
    android.support.v4.media.RatingCompat createFromParcel(android.os.Parcel) -> a
    android.support.v4.media.RatingCompat[] newArray(int) -> a
    java.lang.Object[] newArray(int) -> newArray
    java.lang.Object createFromParcel(android.os.Parcel) -> createFromParcel
android.support.v4.media.session.MediaSessionCompat -> android.support.v4.media.session.MediaSessionCompat:
android.support.v4.media.session.MediaSessionCompat$Token -> android.support.v4.media.session.MediaSessionCompat$Token:
    android.os.Parcelable mInner -> a
    android.os.Parcelable$Creator CREATOR -> CREATOR
    int describeContents() -> describeContents
    void writeToParcel(android.os.Parcel,int) -> writeToParcel
android.support.v4.media.session.MediaSessionCompat$Token$1 -> android.support.v4.media.session.a:
    android.support.v4.media.session.MediaSessionCompat$Token createFromParcel(android.os.Parcel) -> a
    android.support.v4.media.session.MediaSessionCompat$Token[] newArray(int) -> a
    java.lang.Object[] newArray(int) -> newArray
    java.lang.Object createFromParcel(android.os.Parcel) -> createFromParcel