APP/proguard/usage.txt
com.google.api.client.googleapis.notifications.TypedNotification
com.google.api.client.googleapis.notifications.TypedNotificationCallback
com.google.api.client.googleapis.notifications.UnparsedNotification
com.google.api.client.googleapis.notifications.UnparsedNotificationCallback
com.google.api.client.googleapis.notifications.json.JsonNotificationCallback
com.google.api.client.googleapis.notifications.json.package-info
com.google.api.client.googleapis.notifications.package-info
com.google.api.client.googleapis.services.AbstractGoogleClient:
    101:101:public final java.lang.String getRootUrl()
    113:113:public final java.lang.String getServicePath()
    208:208:public final com.google.api.client.googleapis.batch.BatchRequest batch()
    230:233:public final com.google.api.client.googleapis.batch.BatchRequest batch(com.google.api.client.http.HttpRequestInitializer)
    238:238:public final boolean getSuppressPatternChecks()
    247:247:public final boolean getSuppressRequiredParameterChecks()
com.google.api.client.googleapis.services.AbstractGoogleClient$Builder:
    public abstract com.google.api.client.googleapis.services.AbstractGoogleClient build()
    345:345:public final com.google.api.client.http.HttpTransport getTransport()
    357:357:public com.google.api.client.util.ObjectParser getObjectParser()
    398:398:public final java.lang.String getServicePath()
    427:427:public final com.google.api.client.googleapis.services.GoogleClientRequestInitializer getGoogleClientRequestInitializer()
    446:446:public final com.google.api.client.http.HttpRequestInitializer getHttpRequestInitializer()
    458:459:public com.google.api.client.googleapis.services.AbstractGoogleClient$Builder setHttpRequestInitializer(com.google.api.client.http.HttpRequestInitializer)
    467:467:public final java.lang.String getApplicationName()
    480:481:public com.google.api.client.googleapis.services.AbstractGoogleClient$Builder setApplicationName(java.lang.String)
    486:486:public final boolean getSuppressPatternChecks()
    502:503:public com.google.api.client.googleapis.services.AbstractGoogleClient$Builder setSuppressPatternChecks(boolean)
    512:512:public final boolean getSuppressRequiredParameterChecks()
    530:531:public com.google.api.client.googleapis.services.AbstractGoogleClient$Builder setSuppressRequiredParameterChecks(boolean)
    545:545:public com.google.api.client.googleapis.services.AbstractGoogleClient$Builder setSuppressAllChecks(boolean)
com.google.api.client.googleapis.services.AbstractGoogleClientRequest:
    private com.google.api.client.googleapis.media.MediaHttpDownloader downloader
    117:117:public final boolean getDisableGZipContent()
    139:139:public final java.lang.String getRequestMethod()
    144:144:public final java.lang.String getUriTemplate()
    149:149:public final com.google.api.client.http.HttpContent getHttpContent()
    166:166:public final com.google.api.client.http.HttpHeaders getRequestHeaders()
    183:184:public com.google.api.client.googleapis.services.AbstractGoogleClientRequest setRequestHeaders(com.google.api.client.http.HttpHeaders)
    191:191:public final com.google.api.client.http.HttpHeaders getLastResponseHeaders()
    198:198:public final int getLastStatusCode()
    206:206:public final java.lang.String getLastStatusMessage()
    211:211:public final java.lang.Class getResponseClass()
    216:216:public final com.google.api.client.googleapis.media.MediaHttpUploader getMediaHttpUploader()
    225:232:protected final void initializeMediaUpload(com.google.api.client.http.AbstractInputStreamContent)
    236:236:public final com.google.api.client.googleapis.media.MediaHttpDownloader getMediaHttpDownloader()
    241:244:protected final void initializeMediaDownload()
    268:268:public com.google.api.client.http.HttpRequest buildHttpRequest()
    283:283:protected com.google.api.client.http.HttpRequest buildHttpRequestUsingHead()